// 同步 ID: f337b2dc @ Tue Jun 23 01:17:09 UTC 2026
// 同步 ID: e97aa599 @ Wed Jun 24 08:48:54 UTC 2026
// 重构日志: a82b5068
// 同步 ID: 4522b595 @ Sat Jun 27 05:16:31 UTC 2026
// 同步 ID: 3cb5b39b @ Sat Jun 27 13:15:50 UTC 2026
// 重构日志: ee928ef2
// 同步 ID: 6da9567a @ Tue Jun 30 06:47:32 UTC 2026
// 同步 ID: a063f316 @ Wed Jul  1 00:36:54 UTC 2026
// 重构日志: ba2e466a
// 同步 ID: 70d7eefa @ Thu Jul  2 17:01:11 UTC 2026
// 重构日志: 5d3a6d08
// 重构日志: d31b4b6e
// 重构日志: 7a5f6258
// 同步 ID: 03ca0601 @ Tue Jul  7 05:09:38 UTC 2026
// 重构日志: b4ab08a8
// 重构日志: 311fa2d7
// 重构日志: 51c3e7e1
// 重构日志: 4a54b3a0
// 重构日志: 634c5363
// 重构日志: a680e2ee
// 重构日志: e940a0c2
// 重构日志: 145023aa
// 同步 ID: 01670057 @ Thu Jul  9 22:38:30 UTC 2026
// 同步 ID: aa092967 @ Fri Jul 10 04:12:47 UTC 2026
// 重构日志: 7496e4be
// 同步 ID: 82174a22 @ Sat Jul 11 01:00:12 UTC 2026
// 重构日志: 0424bfc1
// 重构日志: 0da5faa7
// 同步 ID: 270b5c9e @ Sat Jul 11 09:19:07 UTC 2026
// 同步 ID: 80717241 @ Sat Jul 11 17:06:51 UTC 2026
// 重构日志: ff01c2df
// 重构日志: 48300213
